<html>
<head>
<title>TestNG:  IETest</title>
<link href="../testng.css" rel="stylesheet" type="text/css" />
<link href="../my-testng.css" rel="stylesheet" type="text/css" />

<style type="text/css">
.log { display: none;} 
.stack-trace { display: none;} 
</style>
<script type="text/javascript">
<!--
function flip(e) {
  current = e.style.display;
  if (current == 'block') {
    e.style.display = 'none';
    return 0;
  }
  else {
    e.style.display = 'block';
    return 1;
  }
}

function toggleBox(szDivId, elem, msg1, msg2)
{
  var res = -1;  if (document.getElementById) {
    res = flip(document.getElementById(szDivId));
  }
  else if (document.all) {
    // this is the way old msie versions work
    res = flip(document.all[szDivId]);
  }
  if(elem) {
    if(res == 0) elem.innerHTML = msg1; else elem.innerHTML = msg2;
  }

}

function toggleAllBoxes() {
  if (document.getElementsByTagName) {
    d = document.getElementsByTagName('div');
    for (i = 0; i < d.length; i++) {
      if (d[i].className == 'log') {
        flip(d[i]);
      }
    }
  }
}

// -->
</script>

</head>
<body>
<h2 align='center'>IETest</h2><table border='1' align="center">
<tr>
<td>Tests passed/Failed/Skipped:</td><td>1/0/0</td>
</tr><tr>
<td>Started on:</td><td>Wed May 27 16:38:11 CEST 2020</td>
</tr>
<tr><td>Total time:</td><td>66 seconds (66996 ms)</td>
</tr><tr>
<td>Included groups:</td><td></td>
</tr><tr>
<td>Excluded groups:</td><td></td>
</tr>
</table><p/>
<small><i>(Hover the method name to see the test class name)</i></small><p/>
<table width='100%' border='1' class='invocation-passed'>
<tr><td colspan='4' align='center'><b>PASSED TESTS</b></td></tr>
<tr><td><b>Test method</b></td>
<td width="30%"><b>Exception</b></td>
<td width="10%"><b>Time (seconds)</b></td>
<td><b>Instance</b></td>
</tr>
<tr>
<td title='GuiTest.TC_1_GuiTest.testSearch()'><b>testSearch</b><br>Test class: GuiTest.TC_1_GuiTest</td>
<td></td>
<td>22</td>
<td>GuiTest.TC_1_GuiTest@5bb21b69</td></tr>
</table><p>
<table width='100%' border='1' class='invocation-skipped'>
<tr><td colspan='4' align='center'><b>SKIPPED TESTS</b></td></tr>
<tr><td><b>Test method</b></td>
<td width="30%"><b>Exception</b></td>
<td width="10%"><b>Time (seconds)</b></td>
<td><b>Instance</b></td>
</tr>
<tr>
<td title='GuiTest.TC_1_GuiTest.testSearch()'><b>testSearch</b><br>Test class: GuiTest.TC_1_GuiTest</td>
<td><div><pre>org.openqa.selenium.SessionNotCreatedException: session not created
from disconnected: not connected to DevTools
  (Session info: chrome=83.0.4103.61)
Build info: version: &apos;3.141.59&apos;, revision: &apos;e82be7d358&apos;, time: &apos;2018-11-14T08:17:03&apos;
System info: host: &apos;DESKTOP-GMDIF6L&apos;, ip: &apos;10.12.20.168&apos;, os.name: &apos;Windows 10&apos;, os.arch: &apos;amd64&apos;, os.version: &apos;10.0&apos;, java.version: &apos;1.8.0_241&apos;
Driver info: driver.version: ChromeDriver
remote stacktrace: Backtrace:
	Ordinal0 [0x00E79563+2725219]
	Ordinal0 [0x00D78551+1672529]
	Ordinal0 [0x00C60359+525145]
	Ordinal0 [0x00C56D6E+486766]
	Ordinal0 [0x00C57135+487733]
	Ordinal0 [0x00C56B75+486261]
	Ordinal0 [0x00C5D83E+514110]
	Ordinal0 [0x00C56B32+486194]
	Ordinal0 [0x00C57739+489273]
	Ordinal0 [0x00C56EFE+487166]
	Ordinal0 [0x00C57135+487733]
	Ordinal0 [0x00C56B75+486261]
	Ordinal0 [0x00C5BBF6+506870]
	Ordinal0 [0x00C56B32+486194]
	Ordinal0 [0x00C57739+489273]
	Ordinal0 [0x00C56EFE+487166]
	Ordinal0 [0x00C57135+487733]
	Ordinal0 [0x00C56B75+486261]
	Ordinal0 [0x00C5B1B7+504247]
	Ordinal0 [0x00C56B32+486194]
	Ordinal0 [0x00C57739+489273]
	Ordinal0 [0x00C56EFE+487166]
	Ordinal0 [0x00C57135+487733]
	Ordinal0 [0x00C56B75+486261]
	Ordinal0 [0x00C5337C+471932]
	Ordinal0 [0x00C56B32+486194]
	Ordinal0 [0x00C56A87+486023]
	Ordinal0 [0x00C60FF0+528368]
	Ordinal0 [0x00C0D6C9+186057]
	Ordinal0 [0x00C0CA3D+182845]
	Ordinal0 [0x00C0A94B+174411]
	Ordinal0 [0x00BF2528+75048]
	Ordinal0 [0x00BF35A0+79264]
	Ordinal0 [0x00BF3539+79161]
	Ordinal0 [0x00D8D607+1758727]
	GetHandleVerifier [0x00F96546+1050150]
	GetHandleVerifier [0x00F96291+1049457]
	GetHandleVerifier [0x00FA10D7+1094071]
	GetHandleVerifier [0x00F96B46+1051686]
	Ordinal0 [0x00D85B06+1727238]
	Ordinal0 [0x00D8EB7B+1764219]
	Ordinal0 [0x00D8ECE3+1764579]
	Ordinal0 [0x00DA4C05+1854469]
	BaseThreadInitThunk [0x775A6359+25]
	RtlGetAppContainerNamedObjectPath [0x776E7C24+228]
	RtlGetAppContainerNamedObjectPath [0x776E7BF4+180]

	at org.openqa.selenium.remote.W3CHandshakeResponse.lambda$errorHandler$0(W3CHandshakeResponse.java:62)
	at org.openqa.selenium.remote.HandshakeResponse.lambda$getResponseFunction$0(HandshakeResponse.java:30)
	at org.openqa.selenium.remote.ProtocolHandshake.lambda$createSession$0(ProtocolHandshake.java:126)
	at java.util.stream.ReferencePipeline$3$1.accept(Unknown Source)
	at java.util.Spliterators$ArraySpliterator.tryAdvance(Unknown Source)
	at java.util.stream.ReferencePipeline.forEachWithCancel(Unknown Source)
	at java.util.stream.AbstractPipeline.copyIntoWithCancel(Unknown Source)
	at java.util.stream.AbstractPipeline.copyInto(Unknown Source)
	at java.util.stream.AbstractPipeline.wrapAndCopyInto(Unknown Source)
	at java.util.stream.FindOps$FindOp.evaluateSequential(Unknown Source)
	at java.util.stream.AbstractPipeline.evaluate(Unknown Source)
	at java.util.stream.ReferencePipeline.findFirst(Unknown Source)
	at org.openqa.selenium.remote.ProtocolHandshake.createSession(ProtocolHandshake.java:128)
	at org.openqa.selenium.remote.ProtocolHandshake.createSession(ProtocolHandshake.java:74)
	at org.openqa.selenium.remote.HttpCommandExecutor.execute(HttpCommandExecutor.java:136)
	at org.openqa.selenium.remote.service.DriverCommandExecutor.execute(DriverCommandExecutor.java:83)
	at org.openqa.selenium.remote.RemoteWebDriver.execute(RemoteWebDriver.java:552)
	at org.openqa.selenium.remote.RemoteWebDriver.startSession(RemoteWebDriver.java:213)
	at org.openqa.selenium.remote.RemoteWebDriver.&lt;init&gt;(RemoteWebDriver.java:131)
	at org.openqa.selenium.chrome.ChromeDriver.&lt;init&gt;(ChromeDriver.java:181)
	at org.openqa.selenium.chrome.ChromeDriver.&lt;init&gt;(ChromeDriver.java:168)
	at org.openqa.selenium.chrome.ChromeDriver.&lt;init&gt;(ChromeDriver.java:157)
	at GuiTest.TC_1_GuiTest.setup(TC_1_GuiTest.java:50)
... Removed 28 stack frames</pre></div><a href='#' onClick='toggleBox("stack-trace1958402562", this, "Click to show all stack frames", "Click to hide stack frames")'>Click to show all stack frames</a>
<div class='stack-trace' id='stack-trace1958402562'><pre>org.openqa.selenium.SessionNotCreatedException: session not created
from disconnected: not connected to DevTools
  (Session info: chrome=83.0.4103.61)
Build info: version: &apos;3.141.59&apos;, revision: &apos;e82be7d358&apos;, time: &apos;2018-11-14T08:17:03&apos;
System info: host: &apos;DESKTOP-GMDIF6L&apos;, ip: &apos;10.12.20.168&apos;, os.name: &apos;Windows 10&apos;, os.arch: &apos;amd64&apos;, os.version: &apos;10.0&apos;, java.version: &apos;1.8.0_241&apos;
Driver info: driver.version: ChromeDriver
remote stacktrace: Backtrace:
	Ordinal0 [0x00E79563+2725219]
	Ordinal0 [0x00D78551+1672529]
	Ordinal0 [0x00C60359+525145]
	Ordinal0 [0x00C56D6E+486766]
	Ordinal0 [0x00C57135+487733]
	Ordinal0 [0x00C56B75+486261]
	Ordinal0 [0x00C5D83E+514110]
	Ordinal0 [0x00C56B32+486194]
	Ordinal0 [0x00C57739+489273]
	Ordinal0 [0x00C56EFE+487166]
	Ordinal0 [0x00C57135+487733]
	Ordinal0 [0x00C56B75+486261]
	Ordinal0 [0x00C5BBF6+506870]
	Ordinal0 [0x00C56B32+486194]
	Ordinal0 [0x00C57739+489273]
	Ordinal0 [0x00C56EFE+487166]
	Ordinal0 [0x00C57135+487733]
	Ordinal0 [0x00C56B75+486261]
	Ordinal0 [0x00C5B1B7+504247]
	Ordinal0 [0x00C56B32+486194]
	Ordinal0 [0x00C57739+489273]
	Ordinal0 [0x00C56EFE+487166]
	Ordinal0 [0x00C57135+487733]
	Ordinal0 [0x00C56B75+486261]
	Ordinal0 [0x00C5337C+471932]
	Ordinal0 [0x00C56B32+486194]
	Ordinal0 [0x00C56A87+486023]
	Ordinal0 [0x00C60FF0+528368]
	Ordinal0 [0x00C0D6C9+186057]
	Ordinal0 [0x00C0CA3D+182845]
	Ordinal0 [0x00C0A94B+174411]
	Ordinal0 [0x00BF2528+75048]
	Ordinal0 [0x00BF35A0+79264]
	Ordinal0 [0x00BF3539+79161]
	Ordinal0 [0x00D8D607+1758727]
	GetHandleVerifier [0x00F96546+1050150]
	GetHandleVerifier [0x00F96291+1049457]
	GetHandleVerifier [0x00FA10D7+1094071]
	GetHandleVerifier [0x00F96B46+1051686]
	Ordinal0 [0x00D85B06+1727238]
	Ordinal0 [0x00D8EB7B+1764219]
	Ordinal0 [0x00D8ECE3+1764579]
	Ordinal0 [0x00DA4C05+1854469]
	BaseThreadInitThunk [0x775A6359+25]
	RtlGetAppContainerNamedObjectPath [0x776E7C24+228]
	RtlGetAppContainerNamedObjectPath [0x776E7BF4+180]

	at sun.reflect.NativeConstructorAccessorImpl.newInstance0(Native Method)
	at sun.reflect.NativeConstructorAccessorImpl.newInstance(Unknown Source)
	at sun.reflect.DelegatingConstructorAccessorImpl.newInstance(Unknown Source)
	at java.lang.reflect.Constructor.newInstance(Unknown Source)
	at org.openqa.selenium.remote.W3CHandshakeResponse.lambda$errorHandler$0(W3CHandshakeResponse.java:62)
	at org.openqa.selenium.remote.HandshakeResponse.lambda$getResponseFunction$0(HandshakeResponse.java:30)
	at org.openqa.selenium.remote.ProtocolHandshake.lambda$createSession$0(ProtocolHandshake.java:126)
	at java.util.stream.ReferencePipeline$3$1.accept(Unknown Source)
	at java.util.Spliterators$ArraySpliterator.tryAdvance(Unknown Source)
	at java.util.stream.ReferencePipeline.forEachWithCancel(Unknown Source)
	at java.util.stream.AbstractPipeline.copyIntoWithCancel(Unknown Source)
	at java.util.stream.AbstractPipeline.copyInto(Unknown Source)
	at java.util.stream.AbstractPipeline.wrapAndCopyInto(Unknown Source)
	at java.util.stream.FindOps$FindOp.evaluateSequential(Unknown Source)
	at java.util.stream.AbstractPipeline.evaluate(Unknown Source)
	at java.util.stream.ReferencePipeline.findFirst(Unknown Source)
	at org.openqa.selenium.remote.ProtocolHandshake.createSession(ProtocolHandshake.java:128)
	at org.openqa.selenium.remote.ProtocolHandshake.createSession(ProtocolHandshake.java:74)
	at org.openqa.selenium.remote.HttpCommandExecutor.execute(HttpCommandExecutor.java:136)
	at org.openqa.selenium.remote.service.DriverCommandExecutor.execute(DriverCommandExecutor.java:83)
	at org.openqa.selenium.remote.RemoteWebDriver.execute(RemoteWebDriver.java:552)
	at org.openqa.selenium.remote.RemoteWebDriver.startSession(RemoteWebDriver.java:213)
	at org.openqa.selenium.remote.RemoteWebDriver.&lt;init&gt;(RemoteWebDriver.java:131)
	at org.openqa.selenium.chrome.ChromeDriver.&lt;init&gt;(ChromeDriver.java:181)
	at org.openqa.selenium.chrome.ChromeDriver.&lt;init&gt;(ChromeDriver.java:168)
	at org.openqa.selenium.chrome.ChromeDriver.&lt;init&gt;(ChromeDriver.java:157)
	at GuiTest.TC_1_GuiTest.setup(TC_1_GuiTest.java:50)
	at sun.reflect.NativeMethodAccessorImpl.invoke0(Native Method)
	at sun.reflect.NativeMethodAccessorImpl.invoke(Unknown Source)
	at sun.reflect.DelegatingMethodAccessorImpl.invoke(Unknown Source)
	at java.lang.reflect.Method.invoke(Unknown Source)
	at org.testng.internal.MethodInvocationHelper.invokeMethod(MethodInvocationHelper.java:134)
	at org.testng.internal.MethodInvocationHelper.invokeMethodConsideringTimeout(MethodInvocationHelper.java:63)
	at org.testng.internal.ConfigInvoker.invokeConfigurationMethod(ConfigInvoker.java:348)
	at org.testng.internal.ConfigInvoker.invokeConfigurations(ConfigInvoker.java:302)
	at org.testng.TestRunner.invokeTestConfigurations(TestRunner.java:619)
	at org.testng.TestRunner.beforeRun(TestRunner.java:609)
	at org.testng.TestRunner.run(TestRunner.java:580)
	at org.testng.SuiteRunner.runTest(SuiteRunner.java:384)
	at org.testng.SuiteRunner.runSequentially(SuiteRunner.java:378)
	at org.testng.SuiteRunner.privateRun(SuiteRunner.java:337)
	at org.testng.SuiteRunner.run(SuiteRunner.java:286)
	at org.testng.SuiteRunnerWorker.runSuite(SuiteRunnerWorker.java:53)
	at org.testng.SuiteRunnerWorker.run(SuiteRunnerWorker.java:96)
	at org.testng.TestNG.runSuitesSequentially(TestNG.java:1187)
	at org.testng.TestNG.runSuitesLocally(TestNG.java:1109)
	at org.testng.TestNG.runSuites(TestNG.java:1039)
	at org.testng.TestNG.run(TestNG.java:1007)
	at org.testng.remote.AbstractRemoteTestNG.run(AbstractRemoteTestNG.java:115)
	at org.testng.remote.RemoteTestNG.initAndRun(RemoteTestNG.java:251)
	at org.testng.remote.RemoteTestNG.main(RemoteTestNG.java:77)
</pre></div></td>
<td>0</td>
<td>GuiTest.TC_1_GuiTest@78e67e0a</td></tr>
</table><p>
</body>
</html>